<?xml version="1.0" encoding="UTF-8"?>
<!-- Generated by org.testng.reporters.JUnitReportReporter -->
<testsuite hostname="LAPTOP-NV3HQR69" failures="0" tests="6" name="Testng1.Priority" time="45.284" errors="0" timestamp="2024-01-24T12:44:20 IST" skipped="0">
  <testcase classname="Testng1.Priority" name="rayalenfield" time="5.993"/>
  <testcase classname="Testng1.Priority" name="bmw" time="3.363"/>
  <testcase classname="Testng1.Priority" name="dws" time="9.114"/>
  <testcase classname="Testng1.Priority" name="dws" time="7.719"/>
  <testcase classname="Testng1.Priority" name="redbus" time="8.377"/>
  <testcase classname="Testng1.Priority" name="agoda" time="10.718"/>
</testsuite> <!-- Testng1.Priority -->
