<?xml version="1.0" encoding="UTF-8"?>
<!-- Generated by org.testng.reporters.JUnitReportReporter -->
<testsuite hostname="LAPTOP-NV3HQR69" failures="0" tests="1" name="Testng1.TestngAndMain" time="30.802" errors="0" timestamp="2024-01-24T12:05:33 IST" skipped="0">
  <testcase classname="Testng1.TestngAndMain" name="royalenfield" time="30.802"/>
</testsuite> <!-- Testng1.TestngAndMain -->
