<?xml version="1.0" encoding="UTF-8"?>
<!-- Generated by org.testng.reporters.JUnitReportReporter -->
<testsuite hostname="LAPTOP-NV3HQR69" failures="0" tests="1" name="Parameterized.DifferentBrowsers" time="15.609" errors="0" timestamp="2024-01-31T11:25:10 IST" skipped="0">
  <testcase classname="Parameterized.DifferentBrowsers" name="browsers" time="15.609">
    <system-out>
      <![CDATA[edgedriver]]>
    </system-out>
  </testcase> <!-- browsers -->
  <system-out>
    <![CDATA[edgedriver]]>
  </system-out>
</testsuite> <!-- Parameterized.DifferentBrowsers -->
