<?xml version="1.0" encoding="UTF-8"?>
<!-- Generated by org.testng.reporters.JUnitReportReporter -->
<testsuite hostname="LAPTOP-NV3HQR69" failures="0" tests="3" name="Testng1.DWS" time="10.774" errors="0" timestamp="2024-01-24T11:16:13 IST" skipped="0">
  <testcase classname="Testng1.DWS" name="test1" time="0.007"/>
  <testcase classname="Testng1.DWS" name="cat" time="0.034"/>
  <testcase classname="Testng1.DWS" name="dws" time="10.733">
    <system-out>
      <![CDATA[dws]]>
    </system-out>
  </testcase> <!-- dws -->
  <system-out>
    <![CDATA[dws]]>
  </system-out>
</testsuite> <!-- Testng1.DWS -->
