<?xml version="1.0" encoding="UTF-8"?>
<!-- Generated by org.testng.reporters.JUnitReportReporter -->
<testsuite hostname="LAPTOP-NV3HQR69" failures="0" tests="1" name="Listenners.Testmethod" time="20.182" errors="0" timestamp="2024-02-02T12:31:37 IST" skipped="0">
  <testcase classname="Listenners.Testmethod" name="login" time="20.182"/>
</testsuite> <!-- Listenners.Testmethod -->
