<?xml version="1.0" encoding="UTF-8"?>
<!-- Generated by org.testng.reporters.JUnitReportReporter -->
<testsuite hostname="LAPTOP-NV3HQR69" failures="0" tests="2" name="Testng1.ChronologicalOrder" time="0.030" errors="0" timestamp="2024-01-25T13:34:48 IST" skipped="0">
  <testcase classname="Testng1.ChronologicalOrder" name="test" time="0.019"/>
  <testcase classname="Testng1.ChronologicalOrder" name="test123" time="0.011"/>
</testsuite> <!-- Testng1.ChronologicalOrder -->
