<?xml version="1.0" encoding="UTF-8"?>
<!-- Generated by org.testng.reporters.JUnitReportReporter -->
<testsuite hostname="LAPTOP-NV3HQR69" failures="0" tests="1" name="TestNgBPG1.Royalenfield" time="26.196" errors="0" timestamp="2024-01-26T11:46:01 IST" skipped="0">
  <testcase classname="TestNgBPG1.Royalenfield" name="royalenfield" time="26.196"/>
</testsuite> <!-- TestNgBPG1.Royalenfield -->
