<?xml version="1.0" encoding="UTF-8"?>
<!-- Generated by org.testng.reporters.JUnitReportReporter -->
<testsuite hostname="LAPTOP-NV3HQR69" failures="0" tests="3" name="Testng1.DependsOnMethod" time="22.613" errors="0" timestamp="2024-01-26T12:04:18 IST" skipped="0">
  <testcase classname="Testng1.DependsOnMethod" name="agoda" time="5.667"/>
  <testcase classname="Testng1.DependsOnMethod" name="dws" time="10.005"/>
  <testcase classname="Testng1.DependsOnMethod" name="redbus" time="6.941"/>
</testsuite> <!-- Testng1.DependsOnMethod -->
