<?xml version="1.0" encoding="UTF-8"?>
<!-- Generated by org.testng.reporters.JUnitReportReporter -->
<testsuite hostname="LAPTOP-NV3HQR69" failures="0" tests="1" name="POM.ExecuteDWSHomePage" time="25.748" errors="0" timestamp="2024-02-02T12:30:39 IST" skipped="0">
  <testcase classname="POM.ExecuteDWSHomePage" name="receiver" time="25.748"/>
</testsuite> <!-- POM.ExecuteDWSHomePage -->
