<?xml version="1.0" encoding="UTF-8"?>
<!-- Generated by org.testng.reporters.JUnitReportReporter -->
<testsuite hostname="LAPTOP-NV3HQR69" failures="0" tests="1" name="POM.ExecuteAssignmentDWS" time="29.937" errors="0" timestamp="2024-02-04T14:43:44 IST" skipped="0">
  <testcase classname="POM.ExecuteAssignmentDWS" name="receiver" time="29.937"/>
</testsuite> <!-- POM.ExecuteAssignmentDWS -->
