<?xml version="1.0" encoding="UTF-8"?>
<!-- Generated by org.testng.reporters.JUnitReportReporter -->
<testsuite hostname="LAPTOP-NV3HQR69" failures="0" tests="1" name="Testng1.FetchingTheDataFromExternal" time="20.340" errors="0" timestamp="2024-01-30T12:10:10 IST" skipped="0">
  <testcase classname="Testng1.FetchingTheDataFromExternal" name="loginDws" time="20.340"/>
</testsuite> <!-- Testng1.FetchingTheDataFromExternal -->
